This file contains any messages produced by compilers while
running configure, to aid debugging if configure makes a mistake.

It was created by auctex configure 11.88, which was
generated by GNU Autoconf 2.69.  Invocation command line was

  $ ./configure --with-emacs=/Applications/Emacs.app/Contents/MacOS/Emacs --disable-preview --with-lispdir=/Users/wenjies/.emacs.d/

## --------- ##
## Platform. ##
## --------- ##

hostname = wenjies-macbookpro.roam.corp.google.com
uname -m = x86_64
uname -r = 14.3.0
uname -s = Darwin
uname -v = Darwin Kernel Version 14.3.0: Mon Mar 23 11:59:05 PDT 2015; root:xnu-2782.20.48~5/RELEASE_X86_64

/usr/bin/uname -p = i386
/bin/uname -X     = unknown

/bin/arch              = unknown
/usr/bin/arch -k       = unknown
/usr/convex/getsysinfo = unknown
/usr/bin/hostinfo      = Mach kernel version:
	 Darwin Kernel Version 14.3.0: Mon Mar 23 11:59:05 PDT 2015; root:xnu-2782.20.48~5/RELEASE_X86_64
Kernel configured for up to 8 processors.
4 processors are physically available.
8 processors are logically available.
Processor type: x86_64h (Intel x86-64h Haswell)
Processors active: 0 1 2 3 4 5 6 7
Primary memory available: 16.00 gigabytes
Default processor set: 260 tasks, 1426 threads, 8 processors
Load average: 1.74, Mach factor: 6.25
/bin/machine           = unknown
/usr/bin/oslevel       = unknown
/bin/universe          = unknown

PATH: /opt/local/bin
PATH: /opt/local/sbin
PATH: /usr/local/ant/bin
PATH: /Library/Java/JavaVirtualMachines/jdk1.7.0_79.jdk/Contents/Home/bin
PATH: /Users/wenjies/.nvm/v0.10.35/bin
PATH: /Users/wenjies/bin
PATH: /usr/local/git/current/bin
PATH: /usr/local/bin
PATH: /usr/bin
PATH: /bin
PATH: /usr/local/sbin
PATH: /usr/sbin
PATH: /sbin
PATH: /opt/X11/bin
PATH: /Users/wenjies/android-sdk-macosx/tools


## ----------- ##
## Core tests. ##
## ----------- ##

configure:1761: checking for make
configure:1777: found /usr/bin/make
configure:1788: result: make
configure:1804: checking whether make sets $(MAKE)
configure:1826: result: yes
configure:1878: checking for a BSD-compatible install
configure:1946: result: /usr/bin/install -c
configure:1959: checking for date in ChangeLog
configure:1966: result: 2014-10-29
configure:1968: checking for release in ChangeLog
configure:1977: result: 11.88
configure:1985: checking for date in ChangeLog
configure:1992: result: 2014-10-29
configure:1994: checking for release in ChangeLog
configure:2003: result: 11.88
configure:2054: checking for /Applications/Emacs.app/Contents/MacOS/Emacs
configure:2084: result: /Applications/Emacs.app/Contents/MacOS/Emacs
configure:2100: checking if /Applications/Emacs.app/Contents/MacOS/Emacs is XEmacs
/Applications/Emacs.app/Contents/MacOS/Emacs -batch -no-site-file -eval (let* ((x (if (featurep (quote xemacs)) "yes" "no"))) (write-region (if (stringp x) x (prin1-to-string x)) nil "./conftest-25764"))
Wrote /Users/wenjies/.emacs.d/packages/auctex/conftest-25764
=> no
configure:2120: result: no
configure:2124: checking for Emacs prefix
/Applications/Emacs.app/Contents/MacOS/Emacs -batch -no-site-file -eval (let* ((cmd(pop command-line-args-left))(x (condition-case nil (let*
    ((prefix (directory-file-name (file-name-directory (executable-find cmd))))
     (parent (directory-file-name (file-name-directory prefix))))
    (if (string= (file-name-nondirectory prefix) "bin")
        (setq prefix parent)
      (if (string= (file-name-nondirectory parent) "bin")
         (setq prefix (directory-file-name (file-name-directory parent)))))
    prefix) (error NONE)))) (write-region (if (stringp x) x (prin1-to-string x)) nil "./conftest-25764")) /Applications/Emacs.app/Contents/MacOS/Emacs
Wrote /Users/wenjies/.emacs.d/packages/auctex/conftest-25764
=> /Applications/Emacs.app/Contents/MacOS
configure:2143: result: "/Applications/Emacs.app/Contents/MacOS"
configure:2173: checking if Emacs is recent enough
/Applications/Emacs.app/Contents/MacOS/Emacs -batch -no-site-file -eval (let* ((x (cond ((< emacs-major-version 21) "no")
			 ((> emacs-major-version 21) "yes")
			 ((< emacs-minor-version 01) "no")
			 (t "yes")))) (write-region (if (stringp x) x (prin1-to-string x)) nil "./conftest-25764"))
Wrote /Users/wenjies/.emacs.d/packages/auctex/conftest-25764
=> yes
configure:2187: result: yes
configure:2197: checking for MULE support
/Applications/Emacs.app/Contents/MacOS/Emacs -batch -eval (let* ((x (condition-case nil (require 'mule ) 	(error (prog1 nil (message "mule not found")))))) (write-region (if (stringp x) x (prin1-to-string x)) nil "./conftest-25764"))
Wrote /Users/wenjies/.emacs.d/packages/auctex/conftest-25764
=> mule
configure:2231: result: yes
configure:2276: checking if build directory is valid
/Applications/Emacs.app/Contents/MacOS/Emacs -batch -eval (let* ((x (if (or (member (directory-file-name default-directory) load-path)	      (member (file-name-as-directory default-directory) load-path))	 "no" "yes"))) (write-region (if (stringp x) x (prin1-to-string x)) nil "./conftest-25764"))
Wrote /Users/wenjies/.emacs.d/packages/auctex/conftest-25764
=> yes
configure:2292: result: yes
configure:2380: checking where lisp files go
configure:2452: result: /Users/wenjies/.emacs.d/
configure:2456: checking what file to use for auctex startup
configure:2483: result: /Users/wenjies/.emacs.d//auctex.el
configure:2501: checking where the package lisp files go
/Applications/Emacs.app/Contents/MacOS/Emacs -batch -no-site-file -eval (let* ((path(pop command-line-args-left)) (lispdir(pop command-line-args-left)) (startup(pop command-line-args-left)) (target(pop command-line-args-left))(x (progn (setq path (directory-file-name path))
  (if (or target
          (not (string= (car load-path) (directory-file-name (car load-path)))))
    (setq path (file-name-as-directory path)))
  (setq path (expand-file-name path lispdir))
  (setq startupdir (file-name-directory (expand-file-name startup lispdir)))
  (prin1-to-string
    (if (or (string-match "\`\.\."
              (setq relname (file-relative-name startupdir lispdir)))
            (file-name-absolute-p relname)
	    (string-match "\`\.\."
              (setq relname (file-relative-name path lispdir)))
 	    (file-name-absolute-p relname))
	  (concat path target)
	(cond (target
	       `(expand-file-name
                   ,(file-relative-name (concat path target) startupdir)
	           (file-name-directory load-file-name)))
              ((string= path startupdir)
	         '(file-name-directory load-file-name))
	      ((string= path (directory-file-name startupdir))
                 '(directory-file-name (file-name-directory load-file-name)))
              (t
	       `(expand-file-name
                   ,(file-relative-name path startupdir)
	           (file-name-directory load-file-name))))))))) (write-region (if (stringp x) x (prin1-to-string x)) nil "./conftest-25764")) /Users/wenjies/.emacs.d//auctex /Users/wenjies/.emacs.d/ /Users/wenjies/.emacs.d//tex-site.el
Wrote /Users/wenjies/.emacs.d/packages/auctex/conftest-25764
=> (expand-file-name "auctex" (file-name-directory load-file-name))
configure:2582: result: /Users/wenjies/.emacs.d//auctex
configure:2585: checking where the data files go
/Applications/Emacs.app/Contents/MacOS/Emacs -batch -no-site-file -eval (let* ((path(pop command-line-args-left)) (lispdir(pop command-line-args-left)) (startup(pop command-line-args-left)) (target(pop command-line-args-left))(x (progn (setq path (directory-file-name path))
  (if (or target
          (not (string= (car load-path) (directory-file-name (car load-path)))))
    (setq path (file-name-as-directory path)))
  (setq path (expand-file-name path lispdir))
  (setq startupdir (file-name-directory (expand-file-name startup lispdir)))
  (prin1-to-string
    (if (or (string-match "\`\.\."
              (setq relname (file-relative-name startupdir lispdir)))
            (file-name-absolute-p relname)
	    (string-match "\`\.\."
              (setq relname (file-relative-name path lispdir)))
 	    (file-name-absolute-p relname))
	  (concat path target)
	(cond (target
	       `(expand-file-name
                   ,(file-relative-name (concat path target) startupdir)
	           (file-name-directory load-file-name)))
              ((string= path startupdir)
	         '(file-name-directory load-file-name))
	      ((string= path (directory-file-name startupdir))
                 '(directory-file-name (file-name-directory load-file-name)))
              (t
	       `(expand-file-name
                   ,(file-relative-name path startupdir)
	           (file-name-directory load-file-name))))))))) (write-region (if (stringp x) x (prin1-to-string x)) nil "./conftest-25764")) /Users/wenjies/.emacs.d//auctex /Users/wenjies/.emacs.d/ /Users/wenjies/.emacs.d//tex-site.el
Wrote /Users/wenjies/.emacs.d/packages/auctex/conftest-25764
=> (expand-file-name "auctex" (file-name-directory load-file-name))
configure:2666: result: /Users/wenjies/.emacs.d//auctex
/Applications/Emacs.app/Contents/MacOS/Emacs -batch -no-site-file -eval (let* ((path(pop command-line-args-left)) (lispdir(pop command-line-args-left)) (startup(pop command-line-args-left)) (target(pop command-line-args-left))(x (progn (setq path (directory-file-name path))
  (if (or target
          (not (string= (car load-path) (directory-file-name (car load-path)))))
    (setq path (file-name-as-directory path)))
  (setq path (expand-file-name path lispdir))
  (setq startupdir (file-name-directory (expand-file-name startup lispdir)))
  (prin1-to-string
    (if (or (string-match "\`\.\."
              (setq relname (file-relative-name startupdir lispdir)))
            (file-name-absolute-p relname)
	    (string-match "\`\.\."
              (setq relname (file-relative-name path lispdir)))
 	    (file-name-absolute-p relname))
	  (concat path target)
	(cond (target
	       `(expand-file-name
                   ,(file-relative-name (concat path target) startupdir)
	           (file-name-directory load-file-name)))
              ((string= path startupdir)
	         '(file-name-directory load-file-name))
	      ((string= path (directory-file-name startupdir))
                 '(directory-file-name (file-name-directory load-file-name)))
              (t
	       `(expand-file-name
                   ,(file-relative-name path startupdir)
	           (file-name-directory load-file-name))))))))) (write-region (if (stringp x) x (prin1-to-string x)) nil "./conftest-25764"))  /Users/wenjies/.emacs.d/ /Users/wenjies/.emacs.d//auctex.el tex-site.el
Wrote /Users/wenjies/.emacs.d/packages/auctex/conftest-25764
=> (expand-file-name "tex-site.el" (file-name-directory load-file-name))
configure:2743: checking where the info files go
configure:2745: result: ${datarootdir}/info
configure:2756: checking where automatically generated global style hooks go
configure:2766: result: ${localstatedir}/auctex
/Applications/Emacs.app/Contents/MacOS/Emacs -batch -no-site-file -eval (let* ((path(pop command-line-args-left)) (lispdir(pop command-line-args-left)) (startup(pop command-line-args-left)) (target(pop command-line-args-left))(x (progn (setq path (directory-file-name path))
  (if (or target
          (not (string= (car load-path) (directory-file-name (car load-path)))))
    (setq path (file-name-as-directory path)))
  (setq path (expand-file-name path lispdir))
  (setq startupdir (file-name-directory (expand-file-name startup lispdir)))
  (prin1-to-string
    (if (or (string-match "\`\.\."
              (setq relname (file-relative-name startupdir lispdir)))
            (file-name-absolute-p relname)
	    (string-match "\`\.\."
              (setq relname (file-relative-name path lispdir)))
 	    (file-name-absolute-p relname))
	  (concat path target)
	(cond (target
	       `(expand-file-name
                   ,(file-relative-name (concat path target) startupdir)
	           (file-name-directory load-file-name)))
              ((string= path startupdir)
	         '(file-name-directory load-file-name))
	      ((string= path (directory-file-name startupdir))
                 '(directory-file-name (file-name-directory load-file-name)))
              (t
	       `(expand-file-name
                   ,(file-relative-name path startupdir)
	           (file-name-directory load-file-name))))))))) (write-region (if (stringp x) x (prin1-to-string x)) nil "./conftest-25764")) /usr/local/var/auctex /Users/wenjies/.emacs.d/ /Users/wenjies/.emacs.d//tex-site.el
Wrote /Users/wenjies/.emacs.d/packages/auctex/conftest-25764
=> "/usr/local/var/auctex"
configure:2846: checking for tex
configure:2877: result: :
configure:2887: checking for pdftex
configure:2918: result: :
configure:2928: checking for dvips
configure:2959: result: :
configure:2974: checking for perl
configure:2992: found /usr/bin/perl
configure:3005: result: /usr/bin/perl
configure:3019: checking for makeinfo
configure:3037: found /usr/bin/makeinfo
configure:3050: result: /usr/bin/makeinfo
configure:3060: checking for texi2html
configure:3091: result: :
configure:3101: checking for texi2dvi
configure:3119: found /usr/bin/texi2dvi
configure:3132: result: /usr/bin/texi2dvi
configure:3142: checking for texi2pdf
configure:3160: found /usr/bin/texi2pdf
configure:3173: result: /usr/bin/texi2pdf
configure:3188: checking for install-info
configure:3206: found /usr/bin/install-info
configure:3219: result: /usr/bin/install-info
configure:3494: creating ./config.status

## ---------------------- ##
## Running config.status. ##
## ---------------------- ##

This file was extended by auctex config.status 11.88, which was
generated by GNU Autoconf 2.69.  Invocation command line was

  CONFIG_FILES    = 
  CONFIG_HEADERS  = 
  CONFIG_LINKS    = 
  CONFIG_COMMANDS = 
  $ ./config.status 

on wenjies-macbookpro.roam.corp.google.com

config.status:754: creating Makefile
config.status:754: creating tex-site.el.out
config.status:754: creating preview/preview.el
config.status:754: creating doc/Makefile
config.status:754: creating auctex.el

## ---------------- ##
## Cache variables. ##
## ---------------- ##

ac_cv_env_INSTALL_INFO_set=
ac_cv_env_INSTALL_INFO_value=
ac_cv_env_MAKEINFO_set=
ac_cv_env_MAKEINFO_value=
ac_cv_env_PERL_set=
ac_cv_env_PERL_value=
ac_cv_env_build_alias_set=
ac_cv_env_build_alias_value=
ac_cv_env_host_alias_set=
ac_cv_env_host_alias_value=
ac_cv_env_target_alias_set=
ac_cv_env_target_alias_value=
ac_cv_path_DVIPS=:
ac_cv_path_EMACS=/Applications/Emacs.app/Contents/MacOS/Emacs
ac_cv_path_INSTALL_INFO=/usr/bin/install-info
ac_cv_path_MAKEINFO=/usr/bin/makeinfo
ac_cv_path_PDFTEX=:
ac_cv_path_PERL=/usr/bin/perl
ac_cv_path_TEX=:
ac_cv_path_TEXI2DVI=/usr/bin/texi2dvi
ac_cv_path_TEXI2HTML=:
ac_cv_path_TEXI2PDF=/usr/bin/texi2pdf
ac_cv_path_install='/usr/bin/install -c'
ac_cv_prog_MAKECMD=make
ac_cv_prog_make_make_set=yes

## ----------------- ##
## Output variables. ##
## ----------------- ##

AUCTEXDATE='2014-10-29'
AUCTEXVERSION='11.88'
DEFS='-DPACKAGE_NAME=\"auctex\" -DPACKAGE_TARNAME=\"auctex\" -DPACKAGE_VERSION=\"11.88\" -DPACKAGE_STRING=\"auctex\ 11.88\" -DPACKAGE_BUGREPORT=\"bug-auctex@gnu.org\" -DPACKAGE_URL=\"\"'
DVIPS=':'
ECHO_C='\c'
ECHO_N=''
ECHO_T=''
EMACS='/Applications/Emacs.app/Contents/MacOS/Emacs'
EMACS_FLAVOR='emacs'
HAVE_mule='yes'
INSTALL_DATA='${INSTALL} -m 644'
INSTALL_INFO='/usr/bin/install-info'
INSTALL_PROGRAM='${INSTALL}'
INSTALL_SCRIPT='${INSTALL}'
LIBOBJS=''
LIBS=''
LTLIBOBJS=''
MAKECMD='make'
MAKEINFO='/usr/bin/makeinfo'
MULEELC='tex-jp.elc'
MULESRC='tex-jp.el'
PACKAGE_BUGREPORT='bug-auctex@gnu.org'
PACKAGE_NAME='auctex'
PACKAGE_STRING='auctex 11.88'
PACKAGE_TARNAME='auctex'
PACKAGE_URL=''
PACKAGE_VERSION='11.88'
PATH_SEPARATOR=':'
PDFTEX=':'
PERL='/usr/bin/perl'
PREVIEWDATE='2014-10-29'
PREVIEWVERSION='11.88'
SET_MAKE=''
SHELL='/bin/sh'
TEX=':'
TEXI2DVI='/usr/bin/texi2dvi'
TEXI2HTML=':'
TEXI2PDF='/usr/bin/texi2pdf'
XEMACS='no'
auctexstartfile='/Users/wenjies/.emacs.d//auctex.el'
autodir='${localstatedir}/auctex'
bindir='${exec_prefix}/bin'
build_alias=''
datadir='${datarootdir}'
datarootdir='${prefix}/share'
docdir='${datarootdir}/doc/${PACKAGE_TARNAME}'
dvidir='${docdir}'
exec_prefix='${prefix}'
host_alias=''
htmldir='${docdir}'
includedir='${prefix}/include'
infodir='${datarootdir}/info'
libdir='${exec_prefix}/lib'
libexecdir='${exec_prefix}/libexec'
lispautodir='"/usr/local/var/auctex"'
lispdir='/Users/wenjies/.emacs.d/'
lisppackagedatadir='(expand-file-name "auctex" (file-name-directory load-file-name))'
lisppackagelispdir='(expand-file-name "auctex" (file-name-directory load-file-name))'
lisptexsite='(expand-file-name "tex-site.el" (file-name-directory load-file-name))'
localedir='${datarootdir}/locale'
localstatedir='${prefix}/var'
mandir='${datarootdir}/man'
oldincludedir='/usr/include'
packagedatadir='/Users/wenjies/.emacs.d//auctex'
packagedir='no'
packagelispdir='/Users/wenjies/.emacs.d//auctex'
pdfdir='${docdir}'
prefix='/usr/local'
preview_enabled='no'
program_transform_name='s,x,x,'
psdir='${docdir}'
sbindir='${exec_prefix}/sbin'
sharedstatedir='${prefix}/com'
subdirs=''
sysconfdir='${prefix}/etc'
target_alias=''
texsite=''

## ----------- ##
## confdefs.h. ##
## ----------- ##

/* confdefs.h */
#define PACKAGE_NAME "auctex"
#define PACKAGE_TARNAME "auctex"
#define PACKAGE_VERSION "11.88"
#define PACKAGE_STRING "auctex 11.88"
#define PACKAGE_BUGREPORT "bug-auctex@gnu.org"
#define PACKAGE_URL ""

configure: exit 0
